<?xml version="1.0" encoding="UTF-8"?>
<testsuite xmlns:xsi="http://www.w3.org/2001/XMLSchema-instance" xsi:noNamespaceSchemaLocation="https://maven.apache.org/surefire/maven-surefire-plugin/xsd/surefire-test-report.xsd" name="egovframework.com.platform.runtimecontrol.service.impl.RuntimeControlPlaneServiceImplTest" time="0.933" tests="6" errors="0" skipped="0" failures="0">
  <properties>
[...]
</properties>
  <testcase name="getParityCompareNormalizesPayloadAndPersistsJsonlRecord" classname="egovframework.com.platform.runtimecontrol.service.impl.RuntimeControlPlaneServiceImplTest" time="0.887"/>
  <testcase name="applyRepairPersistsMergedArtifactsAndRecheckFlags" classname="egovframework.com.platform.runtimecontrol.service.impl.RuntimeControlPlaneServiceImplTest" time="0.005"/>
  <testcase name="openRepairSessionCarriesReuseAssetsAndDefaultRecommendations" classname="egovframework.com.platform.runtimecontrol.service.impl.RuntimeControlPlaneServiceImplTest" time="0.005"/>
  <testcase name="saveVerificationRunPersistsGovernanceFieldsAndJsonlRecord" classname="egovframework.com.platform.runtimecontrol.service.impl.RuntimeControlPlaneServiceImplTest" time="0.003"/>
  <testcase name="getParityCompareIdentifiesDriftUsingReleaseUnit" classname="egovframework.com.platform.runtimecontrol.service.impl.RuntimeControlPlaneServiceImplTest" time="0.009"/>
  <testcase name="getProjectPipelineStatusReturnsLastMatchingStoredRun" classname="egovframework.com.platform.runtimecontrol.service.impl.RuntimeControlPlaneServiceImplTest" time="0.013"/>
</testsuite>